TN:
SF:src/ai/factory/aiProviderFactory.ts
FN:17,(anonymous_0)
FNF:1
FNH:1
FNDA:6,(anonymous_0)
DA:2,1
DA:3,1
DA:4,1
DA:5,1
DA:16,1
DA:18,6
DA:20,1
DA:22,1
DA:24,1
DA:26,1
DA:28,2
LF:11
LH:11
BRDA:18,0,0,1
BRDA:18,0,1,1
BRDA:18,0,2,1
BRDA:18,0,3,1
BRDA:18,0,4,2
BRF:5
BRH:5
end_of_record
TN:
SF:src/ai/providers/claudeProvider.ts
FN:7,(anonymous_0)
FN:11,(anonymous_1)
FNF:2
FNH:2
FNDA:8,(anonymous_0)
FNDA:6,(anonymous_1)
DA:1,2
DA:2,2
DA:4,2
DA:5,2
DA:8,8
DA:12,6
DA:16,6
DA:17,6
DA:26,4
DA:28,2
DA:29,1
DA:31,1
LF:12
LH:12
BRDA:26,0,0,3
BRDA:26,0,1,1
BRDA:28,1,0,1
BRF:3
BRH:3
end_of_record
TN:
SF:src/ai/providers/deepseekProvider.ts
FN:6,(anonymous_0)
FN:10,(anonymous_1)
FNF:2
FNH:2
FNDA:6,(anonymous_0)
FNDA:1,(anonymous_1)
DA:1,2
DA:3,2
DA:4,2
DA:7,6
DA:11,1
LF:5
LH:5
BRF:0
BRH:0
end_of_record
TN:
SF:src/ai/providers/grokProvider.ts
FN:6,(anonymous_0)
FN:10,(anonymous_1)
FNF:2
FNH:2
FNDA:6,(anonymous_0)
FNDA:1,(anonymous_1)
DA:1,2
DA:3,2
DA:4,2
DA:7,6
DA:11,1
LF:5
LH:5
BRF:0
BRH:0
end_of_record
TN:
SF:src/ai/providers/openAIProvider.ts
FN:6,(anonymous_0)
FN:10,(anonymous_1)
FNF:2
FNH:2
FNDA:6,(anonymous_0)
FNDA:1,(anonymous_1)
DA:1,2
DA:3,2
DA:4,2
DA:7,6
DA:11,1
LF:5
LH:5
BRF:0
BRH:0
end_of_record
TN:
SF:src/ai/providers/base/baseAIProvider.ts
FN:4,(anonymous_0)
FN:6,(anonymous_1)
FN:12,(anonymous_2)
FN:20,(anonymous_3)
FNF:4
FNH:4
FNDA:35,(anonymous_0)
FNDA:7,(anonymous_1)
FNDA:4,(anonymous_2)
FNDA:9,(anonymous_3)
DA:3,7
DA:4,35
DA:7,7
DA:8,3
DA:13,4
DA:14,3
DA:15,3
DA:21,9
LF:8
LH:8
BRDA:7,0,0,3
BRF:1
BRH:1
end_of_record
TN:
SF:src/ai/providers/base/openAIBaseProvider.ts
FN:9,(anonymous_0)
FNF:1
FNH:1
FNDA:8,(anonymous_0)
DA:1,5
DA:2,5
DA:6,5
DA:10,8
DA:14,8
DA:15,8
DA:22,6
DA:24,2
DA:25,1
DA:27,1
LF:10
LH:10
BRDA:22,0,0,3
BRDA:22,0,1,3
BRDA:22,1,0,6
BRDA:22,1,1,5
BRDA:22,2,0,2
BRDA:22,2,1,4
BRDA:22,3,0,6
BRDA:22,3,1,6
BRDA:22,4,0,1
BRDA:22,4,1,5
BRDA:22,5,0,6
BRDA:22,5,1,6
BRDA:24,6,0,1
BRF:13
BRH:13
end_of_record
